<?xml version="1.0" encoding="UTF-8"?>
<!-- Generated by org.testng.reporters.JUnitReportReporter -->
<testsuite hostname="DESKTOP-FD8QANM" failures="0" tests="2" name="org.TestAmazon.TestAmazonSearch" time="3.169" errors="0" timestamp="2023-10-09T12:19:32 IST" skipped="0">
  <testcase classname="org.TestAmazon.TestAmazonSearch" name="productSearch" time="2.913"/>
  <testcase classname="org.TestAmazon.TestAmazonSearch" name="selectProduct" time="0.256"/>
</testsuite> <!-- org.TestAmazon.TestAmazonSearch -->
