<?xml version="1.0" encoding="UTF-8"?>
<!-- Generated by org.testng.reporters.JUnitReportReporter -->
<testsuite hostname="DESKTOP-FD8QANM" failures="0" tests="2" name="org.TestAmazon.TestAmazonSearch" time="2.684" errors="0" timestamp="2023-11-07T14:00:33 IST" skipped="0">
  <testcase classname="org.TestAmazon.TestAmazonSearch" name="productSearch" time="2.499"/>
  <testcase classname="org.TestAmazon.TestAmazonSearch" name="selectProduct" time="0.185"/>
</testsuite> <!-- org.TestAmazon.TestAmazonSearch -->
